<?xml version="1.0" encoding="UTF-8"?>
<testng-results skipped="0" failed="0" total="1" passed="1">
  <reporter-output>
  </reporter-output>
  <suite name="Default suite" duration-ms="483" started-at="2021-04-20T13:25:12Z" finished-at="2021-04-20T13:25:13Z">
    <groups>
    </groups>
    <test name="Default test" duration-ms="483" started-at="2021-04-20T13:25:12Z" finished-at="2021-04-20T13:25:13Z">
      <class name="global.SampleReport">
        <test-method status="PASS" signature="config()[pri:0, instance:global.SampleReport@721e0f4f]" name="config" is-config="true" duration-ms="183" started-at="2021-04-20T18:55:12Z" finished-at="2021-04-20T18:55:13Z">
          <reporter-output>
          </reporter-output>
        </test-method> <!-- config -->
        <test-method status="PASS" signature="demo()[pri:0, instance:global.SampleReport@721e0f4f]" name="demo" duration-ms="283" started-at="2021-04-20T18:55:13Z" finished-at="2021-04-20T18:55:13Z">
          <reporter-output>
          </reporter-output>
        </test-method> <!-- demo -->
      </class> <!-- global.SampleReport -->
    </test> <!-- Default test -->
  </suite> <!-- Default suite -->
</testng-results>
